[debug] [2023-08-08T09:52:09.701Z] ----------------------------------------------------------------------
[debug] [2023-08-08T09:52:09.704Z] Command:       C:\Program Files\nodejs\node.exe C:\Users\anika\AppData\Roaming\npm\node_modules\firebase-tools\lib\bin\firebase.js init hosting:github
[debug] [2023-08-08T09:52:09.704Z] CLI Version:   12.4.7
[debug] [2023-08-08T09:52:09.704Z] Platform:      win32
[debug] [2023-08-08T09:52:09.704Z] Node Version:  v20.5.0
[debug] [2023-08-08T09:52:09.704Z] Time:          Tue Aug 08 2023 15:52:09 GMT+0600 (East Kazakhstan Time)
[debug] [2023-08-08T09:52:09.705Z] ----------------------------------------------------------------------
[debug] 
[debug] [2023-08-08T09:52:09.779Z] > command requires scopes: ["email","openid","https://www.googleapis.com/auth/cloudplatformprojects.readonly","https://www.googleapis.com/auth/firebase","https://www.googleapis.com/auth/cloud-platform"]
[debug] [2023-08-08T09:52:09.779Z] > authorizing via signed-in user (jayeedgix@gmail.com)
[info] 
     ######## #### ########  ######## ########     ###     ######  ########
     ##        ##  ##     ## ##       ##     ##  ##   ##  ##       ##
     ######    ##  ########  ######   ########  #########  ######  ######
     ##        ##  ##    ##  ##       ##     ## ##     ##       ## ##
     ##       #### ##     ## ######## ########  ##     ##  ######  ########

You're about to initialize a Firebase project in this directory:

  E:\class-45

Before we get started, keep in mind:

  * You are initializing within an existing Firebase project directory

[info] 
=== Project Setup
[info] 
[info] First, let's associate this project directory with a Firebase project.
[info] You can create multiple project aliases by running firebase use --add, 
[info] but for now we'll just set up a default project.
[info] 
[debug] [2023-08-08T09:52:12.408Z] Using project from CLI flag: jayeedemailauth
[debug] [2023-08-08T09:52:12.413Z] >>> [apiv2][query] GET https://firebase.googleapis.com/v1beta1/projects/jayeedemailauth [none]
[debug] [2023-08-08T09:52:13.051Z] <<< [apiv2][status] GET https://firebase.googleapis.com/v1beta1/projects/jayeedemailauth 200
[debug] [2023-08-08T09:52:13.051Z] <<< [apiv2][body] GET https://firebase.googleapis.com/v1beta1/projects/jayeedemailauth {"projectId":"jayeedemailauth","projectNumber":"639258452631","displayName":"jayeedemailauth","name":"projects/jayeedemailauth","resources":{"hostingSite":"jayeedemailauth"},"state":"ACTIVE","etag":"1_1c1d0d11-06cc-4da9-9d55-46dd1fc2f6d6"}
[info] i  Using project jayeedemailauth (jayeedemailauth) 
[info] 
=== Hosting:github Setup
[info] 
[info] i  Didn't detect a .git folder. Assuming E:\class-45 is the project root. 
[info] i  Authorizing with GitHub to upload your service account to a GitHub repository's secrets store. 
[info] 
[info] Visit this URL on this device to log in:
[info] https://github.com/login/oauth/authorize?client_id=89cf50f02ac6aaed3484&state=340277870&redirect_uri=http%3A%2F%2Flocalhost%3A9005&scope=read%3Auser%20repo%20public_repo
[info] 
[info] Waiting for authentication...
[debug] [2023-08-08T09:52:13.876Z] >>> [apiv2][query] POST https://github.com/login/oauth/access_token [none]
[debug] [2023-08-08T09:52:13.876Z] >>> [apiv2][body] POST https://github.com/login/oauth/access_token [stream]
[debug] [2023-08-08T09:52:14.479Z] <<< [apiv2][status] POST https://github.com/login/oauth/access_token 200
[debug] [2023-08-08T09:52:14.480Z] <<< [apiv2][body] POST https://github.com/login/oauth/access_token {"access_token":"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","token_type":"bearer","scope":"read:user,repo"}
[debug] [2023-08-08T09:52:14.490Z] >>> [apiv2][query] GET https://api.github.com/user [none]
[debug] [2023-08-08T09:52:15.142Z] <<< [apiv2][status] GET https://api.github.com/user 200
[debug] [2023-08-08T09:52:15.142Z] <<< [apiv2][body] GET https://api.github.com/user {"login":"jayeedwebdevloper","id":126898481,"node_id":"U_kgDOB5BRMQ","avatar_url":"https://avatars.githubusercontent.com/u/126898481?v=4","gravatar_id":"","url":"https://api.github.com/users/jayeedwebdevloper","html_url":"https://github.com/jayeedwebdevloper","followers_url":"https://api.github.com/users/jayeedwebdevloper/followers","following_url":"https://api.github.com/users/jayeedwebdevloper/following{/other_user}","gists_url":"https://api.github.com/users/jayeedwebdevloper/gists{/gist_id}","starred_url":"https://api.github.com/users/jayeedwebdevloper/starred{/owner}{/repo}","subscriptions_url":"https://api.github.com/users/jayeedwebdevloper/subscriptions","organizations_url":"https://api.github.com/users/jayeedwebdevloper/orgs","repos_url":"https://api.github.com/users/jayeedwebdevloper/repos","events_url":"https://api.github.com/users/jayeedwebdevloper/events{/privacy}","received_events_url":"https://api.github.com/users/jayeedwebdevloper/received_events","type":"User","site_admin":false,"name":"Jayeed Bin Hossain","company":null,"blog":"","location":null,"email":null,"hireable":null,"bio":"full-stack web-developer","twitter_username":"JayeedWebDev","public_repos":32,"public_gists":0,"followers":0,"following":1,"created_at":"2023-03-03T16:00:56Z","updated_at":"2023-05-14T14:23:41Z","private_gists":0,"total_private_repos":0,"owned_private_repos":0,"disk_usage":145119,"collaborators":0,"two_factor_authentication":false,"plan":{"name":"free","space":976562499,"collaborators":0,"private_repos":10000}}
[info] 
[info] +  Success! Logged into GitHub as jayeedwebdevloper 
[info] 
[debug] [2023-08-08T09:52:25.862Z] >>> [apiv2][query] GET https://api.github.com/repos//actions/secrets/public-key type=owner
[debug] [2023-08-08T09:52:26.405Z] <<< [apiv2][status] GET https://api.github.com/repos//actions/secrets/public-key 404
[debug] [2023-08-08T09:52:26.406Z] <<< [apiv2][body] GET https://api.github.com/repos//actions/secrets/public-key {"message":"Not Found","documentation_url":"https://docs.github.com/rest"}
[info] 
[info] 
[error] !  The provided authorization cannot be used with this repository. If this repository is in an organization, did you remember to grant access? 
[info] 
[info] i  Action required: Visit this URL to ensure access has been granted to the appropriate organization(s) for the Firebase CLI GitHub OAuth App: 
[info] https://github.com/settings/connections/applications/89cf50f02ac6aaed3484
[info] 
